::1 - - [25/Feb/2020:18:33:18 +0000] "GET /admin/products HTTP/1.1" 200 - "http://localhost:3000/cart" "Mozilla/5.0 (Windows NT 10.0; Win64; x64) AppleWebKit/537.36 (KHTML, like Gecko) Chrome/79.0.3945.130 Safari/537.36"
::1 - - [25/Feb/2020:18:33:18 +0000] "GET /css/main.css HTTP/1.1" 304 - "http://localhost:3000/admin/products" "Mozilla/5.0 (Windows NT 10.0; Win64; x64) AppleWebKit/537.36 (KHTML, like Gecko) Chrome/79.0.3945.130 Safari/537.36"
::1 - - [25/Feb/2020:18:33:18 +0000] "GET /css/product.css HTTP/1.1" 304 - "http://localhost:3000/admin/products" "Mozilla/5.0 (Windows NT 10.0; Win64; x64) AppleWebKit/537.36 (KHTML, like Gecko) Chrome/79.0.3945.130 Safari/537.36"
::1 - - [25/Feb/2020:18:33:18 +0000] "GET /js/main.js HTTP/1.1" 304 - "http://localhost:3000/admin/products" "Mozilla/5.0 (Windows NT 10.0; Win64; x64) AppleWebKit/537.36 (KHTML, like Gecko) Chrome/79.0.3945.130 Safari/537.36"
::1 - - [25/Feb/2020:18:33:18 +0000] "GET /images/1582654439089computerNetworks.jpg HTTP/1.1" 304 - "http://localhost:3000/admin/products" "Mozilla/5.0 (Windows NT 10.0; Win64; x64) AppleWebKit/537.36 (KHTML, like Gecko) Chrome/79.0.3945.130 Safari/537.36"
::1 - - [25/Feb/2020:18:33:18 +0000] "GET /js/admin.js HTTP/1.1" 304 - "http://localhost:3000/admin/products" "Mozilla/5.0 (Windows NT 10.0; Win64; x64) AppleWebKit/537.36 (KHTML, like Gecko) Chrome/79.0.3945.130 Safari/537.36"
::1 - - [28/Feb/2020:12:42:19 +0000] "GET / HTTP/1.1" 200 - "-" "Mozilla/5.0 (Windows NT 10.0; Win64; x64) AppleWebKit/537.36 (KHTML, like Gecko) Chrome/80.0.3987.122 Safari/537.36"
::1 - - [28/Feb/2020:12:42:19 +0000] "GET /css/main.css HTTP/1.1" 304 - "http://localhost:3000/" "Mozilla/5.0 (Windows NT 10.0; Win64; x64) AppleWebKit/537.36 (KHTML, like Gecko) Chrome/80.0.3987.122 Safari/537.36"
::1 - - [28/Feb/2020:12:42:19 +0000] "GET /css/product.css HTTP/1.1" 304 - "http://localhost:3000/" "Mozilla/5.0 (Windows NT 10.0; Win64; x64) AppleWebKit/537.36 (KHTML, like Gecko) Chrome/80.0.3987.122 Safari/537.36"
::1 - - [28/Feb/2020:12:42:19 +0000] "GET /js/main.js HTTP/1.1" 304 - "http://localhost:3000/" "Mozilla/5.0 (Windows NT 10.0; Win64; x64) AppleWebKit/537.36 (KHTML, like Gecko) Chrome/80.0.3987.122 Safari/537.36"
::1 - - [28/Feb/2020:12:42:19 +0000] "GET /images/1582654439089computerNetworks.jpg HTTP/1.1" 304 - "http://localhost:3000/" "Mozilla/5.0 (Windows NT 10.0; Win64; x64) AppleWebKit/537.36 (KHTML, like Gecko) Chrome/80.0.3987.122 Safari/537.36"
::1 - - [28/Feb/2020:12:42:19 +0000] "GET /css/main.css HTTP/1.1" 304 - "http://localhost:3000/" "Mozilla/5.0 (Windows NT 10.0; Win64; x64) AppleWebKit/537.36 (KHTML, like Gecko) Chrome/80.0.3987.122 Safari/537.36"
::1 - - [28/Feb/2020:12:42:19 +0000] "GET /css/product.css HTTP/1.1" 304 - "http://localhost:3000/" "Mozilla/5.0 (Windows NT 10.0; Win64; x64) AppleWebKit/537.36 (KHTML, like Gecko) Chrome/80.0.3987.122 Safari/537.36"
::1 - - [28/Feb/2020:12:42:20 +0000] "GET /favicon.ico HTTP/1.1" 404 - "http://localhost:3000/" "Mozilla/5.0 (Windows NT 10.0; Win64; x64) AppleWebKit/537.36 (KHTML, like Gecko) Chrome/80.0.3987.122 Safari/537.36"
::1 - - [28/Feb/2020:12:42:25 +0000] "GET / HTTP/1.1" 200 - "-" "Mozilla/5.0 (Windows NT 10.0; Win64; x64) AppleWebKit/537.36 (KHTML, like Gecko) Chrome/80.0.3987.122 Safari/537.36"
::1 - - [28/Feb/2020:12:42:25 +0000] "GET /css/main.css HTTP/1.1" 304 - "http://localhost:3000/" "Mozilla/5.0 (Windows NT 10.0; Win64; x64) AppleWebKit/537.36 (KHTML, like Gecko) Chrome/80.0.3987.122 Safari/537.36"
::1 - - [28/Feb/2020:12:42:25 +0000] "GET /css/product.css HTTP/1.1" 304 - "http://localhost:3000/" "Mozilla/5.0 (Windows NT 10.0; Win64; x64) AppleWebKit/537.36 (KHTML, like Gecko) Chrome/80.0.3987.122 Safari/537.36"
::1 - - [28/Feb/2020:12:42:25 +0000] "GET /js/main.js HTTP/1.1" 304 - "http://localhost:3000/" "Mozilla/5.0 (Windows NT 10.0; Win64; x64) AppleWebKit/537.36 (KHTML, like Gecko) Chrome/80.0.3987.122 Safari/537.36"
::1 - - [28/Feb/2020:12:42:26 +0000] "GET /images/1582654439089computerNetworks.jpg HTTP/1.1" 304 - "http://localhost:3000/" "Mozilla/5.0 (Windows NT 10.0; Win64; x64) AppleWebKit/537.36 (KHTML, like Gecko) Chrome/80.0.3987.122 Safari/537.36"
::1 - - [28/Feb/2020:12:42:28 +0000] "POST /logout HTTP/1.1" 302 46 "http://localhost:3000/" "Mozilla/5.0 (Windows NT 10.0; Win64; x64) AppleWebKit/537.36 (KHTML, like Gecko) Chrome/80.0.3987.122 Safari/537.36"
::1 - - [28/Feb/2020:12:42:28 +0000] "GET / HTTP/1.1" 200 - "http://localhost:3000/" "Mozilla/5.0 (Windows NT 10.0; Win64; x64) AppleWebKit/537.36 (KHTML, like Gecko) Chrome/80.0.3987.122 Safari/537.36"
::1 - - [28/Feb/2020:12:42:28 +0000] "GET /css/main.css HTTP/1.1" 304 - "http://localhost:3000/" "Mozilla/5.0 (Windows NT 10.0; Win64; x64) AppleWebKit/537.36 (KHTML, like Gecko) Chrome/80.0.3987.122 Safari/537.36"
::1 - - [28/Feb/2020:12:42:28 +0000] "GET /css/product.css HTTP/1.1" 304 - "http://localhost:3000/" "Mozilla/5.0 (Windows NT 10.0; Win64; x64) AppleWebKit/537.36 (KHTML, like Gecko) Chrome/80.0.3987.122 Safari/537.36"
::1 - - [28/Feb/2020:12:42:28 +0000] "GET /js/main.js HTTP/1.1" 304 - "http://localhost:3000/" "Mozilla/5.0 (Windows NT 10.0; Win64; x64) AppleWebKit/537.36 (KHTML, like Gecko) Chrome/80.0.3987.122 Safari/537.36"
::1 - - [28/Feb/2020:12:42:28 +0000] "GET /images/1582654439089computerNetworks.jpg HTTP/1.1" 304 - "http://localhost:3000/" "Mozilla/5.0 (Windows NT 10.0; Win64; x64) AppleWebKit/537.36 (KHTML, like Gecko) Chrome/80.0.3987.122 Safari/537.36"
::1 - - [28/Feb/2020:12:42:32 +0000] "GET /?page=2 HTTP/1.1" 200 - "http://localhost:3000/" "Mozilla/5.0 (Windows NT 10.0; Win64; x64) AppleWebKit/537.36 (KHTML, like Gecko) Chrome/80.0.3987.122 Safari/537.36"
::1 - - [28/Feb/2020:12:42:32 +0000] "GET /css/main.css HTTP/1.1" 304 - "http://localhost:3000/?page=2" "Mozilla/5.0 (Windows NT 10.0; Win64; x64) AppleWebKit/537.36 (KHTML, like Gecko) Chrome/80.0.3987.122 Safari/537.36"
::1 - - [28/Feb/2020:12:42:32 +0000] "GET /css/product.css HTTP/1.1" 304 - "http://localhost:3000/?page=2" "Mozilla/5.0 (Windows NT 10.0; Win64; x64) AppleWebKit/537.36 (KHTML, like Gecko) Chrome/80.0.3987.122 Safari/537.36"
::1 - - [28/Feb/2020:12:42:32 +0000] "GET /js/main.js HTTP/1.1" 304 - "http://localhost:3000/?page=2" "Mozilla/5.0 (Windows NT 10.0; Win64; x64) AppleWebKit/537.36 (KHTML, like Gecko) Chrome/80.0.3987.122 Safari/537.36"
::1 - - [28/Feb/2020:12:42:32 +0000] "GET /images/1582654454051os.jpg HTTP/1.1" 200 369307 "http://localhost:3000/?page=2" "Mozilla/5.0 (Windows NT 10.0; Win64; x64) AppleWebKit/537.36 (KHTML, like Gecko) Chrome/80.0.3987.122 Safari/537.36"
::1 - - [28/Feb/2020:12:42:40 +0000] "GET /products/5e5563f6194f6d7198058a6a HTTP/1.1" 200 - "http://localhost:3000/?page=2" "Mozilla/5.0 (Windows NT 10.0; Win64; x64) AppleWebKit/537.36 (KHTML, like Gecko) Chrome/80.0.3987.122 Safari/537.36"
::1 - - [28/Feb/2020:12:42:40 +0000] "GET /css/main.css HTTP/1.1" 304 - "http://localhost:3000/products/5e5563f6194f6d7198058a6a" "Mozilla/5.0 (Windows NT 10.0; Win64; x64) AppleWebKit/537.36 (KHTML, like Gecko) Chrome/80.0.3987.122 Safari/537.36"
::1 - - [28/Feb/2020:12:42:40 +0000] "GET /js/main.js HTTP/1.1" 304 - "http://localhost:3000/products/5e5563f6194f6d7198058a6a" "Mozilla/5.0 (Windows NT 10.0; Win64; x64) AppleWebKit/537.36 (KHTML, like Gecko) Chrome/80.0.3987.122 Safari/537.36"
::1 - - [28/Feb/2020:12:42:40 +0000] "GET /products/images/1582654454051os.jpg HTTP/1.1" 200 369307 "http://localhost:3000/products/5e5563f6194f6d7198058a6a" "Mozilla/5.0 (Windows NT 10.0; Win64; x64) AppleWebKit/537.36 (KHTML, like Gecko) Chrome/80.0.3987.122 Safari/537.36"
::1 - - [28/Feb/2020:12:42:47 +0000] "GET / HTTP/1.1" 304 - "http://localhost:3000/products/5e5563f6194f6d7198058a6a" "Mozilla/5.0 (Windows NT 10.0; Win64; x64) AppleWebKit/537.36 (KHTML, like Gecko) Chrome/80.0.3987.122 Safari/537.36"
::1 - - [28/Feb/2020:12:42:47 +0000] "GET /css/main.css HTTP/1.1" 304 - "http://localhost:3000/" "Mozilla/5.0 (Windows NT 10.0; Win64; x64) AppleWebKit/537.36 (KHTML, like Gecko) Chrome/80.0.3987.122 Safari/537.36"
::1 - - [28/Feb/2020:12:42:47 +0000] "GET /css/product.css HTTP/1.1" 304 - "http://localhost:3000/" "Mozilla/5.0 (Windows NT 10.0; Win64; x64) AppleWebKit/537.36 (KHTML, like Gecko) Chrome/80.0.3987.122 Safari/537.36"
::1 - - [28/Feb/2020:12:42:47 +0000] "GET /js/main.js HTTP/1.1" 304 - "http://localhost:3000/" "Mozilla/5.0 (Windows NT 10.0; Win64; x64) AppleWebKit/537.36 (KHTML, like Gecko) Chrome/80.0.3987.122 Safari/537.36"
::1 - - [28/Feb/2020:12:42:47 +0000] "GET /images/1582654439089computerNetworks.jpg HTTP/1.1" 304 - "http://localhost:3000/" "Mozilla/5.0 (Windows NT 10.0; Win64; x64) AppleWebKit/537.36 (KHTML, like Gecko) Chrome/80.0.3987.122 Safari/537.36"
::1 - - [28/Feb/2020:12:42:53 +0000] "GET /products HTTP/1.1" 200 - "http://localhost:3000/" "Mozilla/5.0 (Windows NT 10.0; Win64; x64) AppleWebKit/537.36 (KHTML, like Gecko) Chrome/80.0.3987.122 Safari/537.36"
::1 - - [28/Feb/2020:12:42:53 +0000] "GET /css/main.css HTTP/1.1" 304 - "http://localhost:3000/products" "Mozilla/5.0 (Windows NT 10.0; Win64; x64) AppleWebKit/537.36 (KHTML, like Gecko) Chrome/80.0.3987.122 Safari/537.36"
::1 - - [28/Feb/2020:12:42:53 +0000] "GET /css/product.css HTTP/1.1" 304 - "http://localhost:3000/products" "Mozilla/5.0 (Windows NT 10.0; Win64; x64) AppleWebKit/537.36 (KHTML, like Gecko) Chrome/80.0.3987.122 Safari/537.36"
::1 - - [28/Feb/2020:12:42:53 +0000] "GET /js/main.js HTTP/1.1" 304 - "http://localhost:3000/products" "Mozilla/5.0 (Windows NT 10.0; Win64; x64) AppleWebKit/537.36 (KHTML, like Gecko) Chrome/80.0.3987.122 Safari/537.36"
::1 - - [28/Feb/2020:12:42:53 +0000] "GET /images/1582654439089computerNetworks.jpg HTTP/1.1" 304 - "http://localhost:3000/products" "Mozilla/5.0 (Windows NT 10.0; Win64; x64) AppleWebKit/537.36 (KHTML, like Gecko) Chrome/80.0.3987.122 Safari/537.36"
::1 - - [28/Feb/2020:12:42:55 +0000] "GET /products/5e5563e7194f6d7198058a69 HTTP/1.1" 200 - "http://localhost:3000/products" "Mozilla/5.0 (Windows NT 10.0; Win64; x64) AppleWebKit/537.36 (KHTML, like Gecko) Chrome/80.0.3987.122 Safari/537.36"
::1 - - [28/Feb/2020:12:42:55 +0000] "GET /css/main.css HTTP/1.1" 304 - "http://localhost:3000/products/5e5563e7194f6d7198058a69" "Mozilla/5.0 (Windows NT 10.0; Win64; x64) AppleWebKit/537.36 (KHTML, like Gecko) Chrome/80.0.3987.122 Safari/537.36"
::1 - - [28/Feb/2020:12:42:55 +0000] "GET /js/main.js HTTP/1.1" 304 - "http://localhost:3000/products/5e5563e7194f6d7198058a69" "Mozilla/5.0 (Windows NT 10.0; Win64; x64) AppleWebKit/537.36 (KHTML, like Gecko) Chrome/80.0.3987.122 Safari/537.36"
::1 - - [28/Feb/2020:12:42:55 +0000] "GET /products/images/1582654439089computerNetworks.jpg HTTP/1.1" 200 21420 "http://localhost:3000/products/5e5563e7194f6d7198058a69" "Mozilla/5.0 (Windows NT 10.0; Win64; x64) AppleWebKit/537.36 (KHTML, like Gecko) Chrome/80.0.3987.122 Safari/537.36"
::1 - - [28/Feb/2020:12:42:58 +0000] "GET / HTTP/1.1" 304 - "http://localhost:3000/products/5e5563e7194f6d7198058a69" "Mozilla/5.0 (Windows NT 10.0; Win64; x64) AppleWebKit/537.36 (KHTML, like Gecko) Chrome/80.0.3987.122 Safari/537.36"
::1 - - [28/Feb/2020:12:42:58 +0000] "GET /css/main.css HTTP/1.1" 304 - "http://localhost:3000/" "Mozilla/5.0 (Windows NT 10.0; Win64; x64) AppleWebKit/537.36 (KHTML, like Gecko) Chrome/80.0.3987.122 Safari/537.36"
::1 - - [28/Feb/2020:12:42:58 +0000] "GET /css/product.css HTTP/1.1" 304 - "http://localhost:3000/" "Mozilla/5.0 (Windows NT 10.0; Win64; x64) AppleWebKit/537.36 (KHTML, like Gecko) Chrome/80.0.3987.122 Safari/537.36"
::1 - - [28/Feb/2020:12:42:58 +0000] "GET /js/main.js HTTP/1.1" 304 - "http://localhost:3000/" "Mozilla/5.0 (Windows NT 10.0; Win64; x64) AppleWebKit/537.36 (KHTML, like Gecko) Chrome/80.0.3987.122 Safari/537.36"
::1 - - [28/Feb/2020:12:42:58 +0000] "GET /images/1582654439089computerNetworks.jpg HTTP/1.1" 304 - "http://localhost:3000/" "Mozilla/5.0 (Windows NT 10.0; Win64; x64) AppleWebKit/537.36 (KHTML, like Gecko) Chrome/80.0.3987.122 Safari/537.36"
